[daily 09:35:17] Slot 1 → WebsiteRettung (rettung)
[daily 10:36:17] ✓ Render fertig: /Users/maxbeeken/Documents/Webdesign/Test/video-studio/out/WebsiteRettung.mp4
[daily 10:36:17] Upload → x …
[daily 11:37:17] x: ⏱️ timeout
[daily 11:37:17] Upload → youtube …
[daily 12:38:18] youtube: ⏱️ timeout
[daily 12:38:18] Upload → tiktok …
[daily 13:39:23] tiktok: ⏱️ timeout
[daily 13:39:23] Upload → linkedin …
[daily 18:44:26] linkedin: ⏱️ timeout
[daily 18:44:26] Upload → facebook …
[daily 19:45:39] facebook: ⏱️ timeout
[daily 19:45:39] FERTIG. ✅  | offen: x,youtube,tiktok,linkedin,facebook
[daily 09:01:00] Slot 1 → WebRedFlags (redflags)
[daily 09:01:23] ✓ Render fertig: /Users/maxbeeken/Documents/Webdesign/Test/video-studio/out/WebRedFlags.mp4
[daily 09:01:23] Upload → x …
[daily 09:02:59] x: ⚠️ failed
[daily 09:02:59] Upload → youtube …
[daily 09:03:50] youtube: ✅
[daily 09:03:50] Upload → tiktok …
[daily 09:04:44] tiktok: ✅
[daily 09:04:44] Upload → linkedin …
